<?xml version="1.0" encoding="UTF-8"?>
<testng-results ignored="0" total="1" passed="1" failed="0" skipped="0">
  <reporter-output>
  </reporter-output>
  <suite started-at="2021-03-01T17:10:03 IST" name="Default suite" finished-at="2021-03-01T17:10:25 IST" duration-ms="22361">
    <groups>
    </groups>
    <test started-at="2021-03-01T17:10:03 IST" name="Default test" finished-at="2021-03-01T17:10:25 IST" duration-ms="22361">
      <class name="Category_Creation.DeleteCat">
        <test-method is-config="true" signature="setUp()[pri:0, instance:Category_Creation.DeleteCat@78ffe6dc]" started-at="2021-03-01T17:10:03 IST" name="setUp" finished-at="2021-03-01T17:10:07 IST" duration-ms="3835" status="PASS">
          <reporter-output>
          </reporter-output>
        </test-method> <!-- setUp -->
        <test-method signature="testCouponDiscount()[pri:0, instance:Category_Creation.DeleteCat@78ffe6dc]" started-at="2021-03-01T17:10:07 IST" name="testCouponDiscount" finished-at="2021-03-01T17:10:22 IST" duration-ms="14977" status="PASS">
          <reporter-output>
          </reporter-output>
        </test-method> <!-- testCouponDiscount -->
        <test-method is-config="true" signature="tearDown()[pri:0, instance:Category_Creation.DeleteCat@78ffe6dc]" started-at="2021-03-01T17:10:22 IST" name="tearDown" finished-at="2021-03-01T17:10:25 IST" duration-ms="3472" status="PASS">
          <reporter-output>
          </reporter-output>
        </test-method> <!-- tearDown -->
      </class> <!-- Category_Creation.DeleteCat -->
    </test> <!-- Default test -->
  </suite> <!-- Default suite -->
</testng-results>
