<?xml version="1.0" encoding="UTF-8"?>
<testng-results ignored="0" total="1" passed="1" failed="0" skipped="0">
  <reporter-output>
  </reporter-output>
  <suite started-at="2021-01-23T10:03:44 IST" name="Default suite" finished-at="2021-01-23T10:06:15 IST" duration-ms="151425">
    <groups>
    </groups>
    <test started-at="2021-01-23T10:03:44 IST" name="Default test" finished-at="2021-01-23T10:06:15 IST" duration-ms="151425">
      <class name="CashOnDeliveryProcess.FullfillingOrder">
        <test-method is-config="true" signature="setUp()[pri:0, instance:CashOnDeliveryProcess.FullfillingOrder@524d6d96]" started-at="2021-01-23T10:03:44 IST" name="setUp" finished-at="2021-01-23T10:03:50 IST" duration-ms="6724" status="PASS">
          <reporter-output>
          </reporter-output>
        </test-method> <!-- setUp -->
        <test-method is-config="true" signature="sellerlogin()[pri:0, instance:CashOnDeliveryProcess.FullfillingOrder@524d6d96]" started-at="2021-01-23T10:03:50 IST" name="sellerlogin" finished-at="2021-01-23T10:04:01 IST" duration-ms="10346" status="PASS">
          <reporter-output>
          </reporter-output>
        </test-method> <!-- sellerlogin -->
        <test-method signature="testSellerFullfillment()[pri:0, instance:CashOnDeliveryProcess.FullfillingOrder@524d6d96]" started-at="2021-01-23T10:04:01 IST" name="testSellerFullfillment" finished-at="2021-01-23T10:05:13 IST" duration-ms="72486" status="PASS">
          <reporter-output>
          </reporter-output>
        </test-method> <!-- testSellerFullfillment -->
        <test-method is-config="true" signature="adminDeliveryConfirm()[pri:0, instance:CashOnDeliveryProcess.FullfillingOrder@524d6d96]" started-at="2021-01-23T10:05:13 IST" name="adminDeliveryConfirm" finished-at="2021-01-23T10:06:14 IST" duration-ms="60730" status="PASS">
          <reporter-output>
          </reporter-output>
        </test-method> <!-- adminDeliveryConfirm -->
        <test-method is-config="true" signature="tearDown()[pri:0, instance:CashOnDeliveryProcess.FullfillingOrder@524d6d96]" started-at="2021-01-23T10:06:14 IST" name="tearDown" finished-at="2021-01-23T10:06:15 IST" duration-ms="1088" status="PASS">
          <reporter-output>
          </reporter-output>
        </test-method> <!-- tearDown -->
      </class> <!-- CashOnDeliveryProcess.FullfillingOrder -->
    </test> <!-- Default test -->
  </suite> <!-- Default suite -->
</testng-results>
